Copyright 1986-2016 Xilinx, Inc. All Rights Reserved.
---------------------------------------------------------------------------------------------------------------
| Tool Version : Vivado v.2016.4 (win64) Build 1756540 Mon Jan 23 19:11:23 MST 2017
| Date         : Fri Sep 01 20:01:32 2023
| Host         : DESKTOP-GD656IR running 64-bit major release  (build 9200)
| Command      : report_methodology -file main_methodology_drc_routed.rpt -rpx main_methodology_drc_routed.rpx
| Design       : main
| Device       : xc7a35tcpg236-1
| Speed File   : -1
| Design State : Routed
---------------------------------------------------------------------------------------------------------------

Report Methodology

Table of Contents
-----------------
1. REPORT SUMMARY
2. REPORT DETAILS

1. REPORT SUMMARY
-----------------
            Netlist: netlist
          Floorplan: design_1
      Design limits: <entire design considered>
             Max violations: <unlimited>
             Violations found: 3
+-----------+----------+------------------------------------------+------------+
| Rule      | Severity | Description                              | Violations |
+-----------+----------+------------------------------------------+------------+
| SYNTH-14  | Warning  | DSP cannot absorb non-zero init register | 1          |
| TIMING-18 | Warning  | Missing input or output delay            | 2          |
+-----------+----------+------------------------------------------+------------+

2. REPORT DETAILS
-----------------
SYNTH-14#1 Warning
DSP cannot absorb non-zero init register  
Register pqn_ctrl_0/PQN_PN_uin_reg[10] cannot be absorbed into DSP block due to its non-zero INIT value.
Related violations: <none>

TIMING-18#1 Warning
Missing input or output delay  
An input delay is missing on UART_RXD relative to clock(s) VIRTUAL_clk_out1_clk_generator 
Related violations: <none>

TIMING-18#2 Warning
Missing input or output delay  
An output delay is missing on UART_TXD relative to clock(s) VIRTUAL_clk_out1_clk_generator 
Related violations: <none>


