
*** Running vivado
    with args -log blk_mem_weight_glomeruli_4.vds -m64 -product Vivado -mode batch -messageDb vivado.pb -notrace -source blk_mem_weight_glomeruli_4.tcl


****** Vivado v2016.4 (64-bit)
  **** SW Build 1756540 on Mon Jan 23 19:11:23 MST 2017
  **** IP Build 1755317 on Mon Jan 23 20:30:07 MST 2017
    ** Copyright 1986-2016 Xilinx, Inc. All Rights Reserved.

source blk_mem_weight_glomeruli_4.tcl -notrace
Starting RTL Elaboration : Time (s): cpu = 00:00:12 ; elapsed = 00:00:17 . Memory (MB): peak = 364.734 ; gain = 154.441
INFO: [Synth 8-638] synthesizing module 'blk_mem_weight_glomeruli_4' [d:/research/Jupyter/github/fly-olfactory-network-fpga-main/vivado_projects/FlyOlfactoryNetwork/FlyOlfactoryNetwork.srcs/sources_1/ip/blk_mem_weight_glomeruli_4/synth/blk_mem_weight_glomeruli_4.vhd:67]
INFO: [Synth 8-256] done synthesizing module 'blk_mem_weight_glomeruli_4' (11#1) [d:/research/Jupyter/github/fly-olfactory-network-fpga-main/vivado_projects/FlyOlfactoryNetwork/FlyOlfactoryNetwork.srcs/sources_1/ip/blk_mem_weight_glomeruli_4/synth/blk_mem_weight_glomeruli_4.vhd:67]
Finished RTL Elaboration : Time (s): cpu = 00:01:08 ; elapsed = 00:01:17 . Memory (MB): peak = 562.727 ; gain = 352.434
Finished RTL Optimization Phase 1 : Time (s): cpu = 00:01:08 ; elapsed = 00:01:17 . Memory (MB): peak = 562.727 ; gain = 352.434
INFO: [Device 21-403] Loading part xc7a35tcpg236-1
Constraint Validation Runtime : Time (s): cpu = 00:00:00 ; elapsed = 00:00:00.019 . Memory (MB): peak = 632.840 ; gain = 0.000
Finished Constraint Validation : Time (s): cpu = 00:01:18 ; elapsed = 00:01:28 . Memory (MB): peak = 632.840 ; gain = 422.547
Finished Loading Part and Timing Information : Time (s): cpu = 00:01:18 ; elapsed = 00:01:28 . Memory (MB): peak = 632.840 ; gain = 422.547
Finished applying 'set_property' XDC Constraints : Time (s): cpu = 00:01:18 ; elapsed = 00:01:28 . Memory (MB): peak = 632.840 ; gain = 422.547
Finished RTL Optimization Phase 2 : Time (s): cpu = 00:01:18 ; elapsed = 00:01:28 . Memory (MB): peak = 632.840 ; gain = 422.547
Finished Cross Boundary and Area Optimization : Time (s): cpu = 00:01:19 ; elapsed = 00:01:28 . Memory (MB): peak = 632.840 ; gain = 422.547
Finished Applying XDC Timing Constraints : Time (s): cpu = 00:01:30 ; elapsed = 00:01:40 . Memory (MB): peak = 656.809 ; gain = 446.516
Finished Timing Optimization : Time (s): cpu = 00:01:30 ; elapsed = 00:01:40 . Memory (MB): peak = 656.809 ; gain = 446.516
Finished Technology Mapping : Time (s): cpu = 00:01:30 ; elapsed = 00:01:40 . Memory (MB): peak = 677.207 ; gain = 466.914
Finished IO Insertion : Time (s): cpu = 00:01:31 ; elapsed = 00:01:41 . Memory (MB): peak = 677.207 ; gain = 466.914
Finished Renaming Generated Instances : Time (s): cpu = 00:01:31 ; elapsed = 00:01:41 . Memory (MB): peak = 677.207 ; gain = 466.914
Finished Rebuilding User Hierarchy : Time (s): cpu = 00:01:31 ; elapsed = 00:01:41 . Memory (MB): peak = 677.207 ; gain = 466.914
Finished Renaming Generated Ports : Time (s): cpu = 00:01:31 ; elapsed = 00:01:41 . Memory (MB): peak = 677.207 ; gain = 466.914
Finished Handling Custom Attributes : Time (s): cpu = 00:01:31 ; elapsed = 00:01:41 . Memory (MB): peak = 677.207 ; gain = 466.914
Finished Renaming Generated Nets : Time (s): cpu = 00:01:31 ; elapsed = 00:01:41 . Memory (MB): peak = 677.207 ; gain = 466.914

Report Cell Usage: 
+------+-----------+------+
|      |Cell       |Count |
+------+-----------+------+
|1     |LUT1       |     1|
|2     |LUT2       |     1|
|3     |LUT4       |     1|
|4     |RAMB36E1   |     1|
|5     |RAMB36E1_1 |     1|
|6     |RAMB36E1_2 |     1|
|7     |FDRE       |     4|
+------+-----------+------+
Finished Writing Synthesis Report : Time (s): cpu = 00:01:31 ; elapsed = 00:01:41 . Memory (MB): peak = 677.207 ; gain = 466.914
synth_design: Time (s): cpu = 00:01:26 ; elapsed = 00:01:32 . Memory (MB): peak = 694.895 ; gain = 409.004
