
*** Running vivado
    with args -log blk_mem_weight_glomeruli_2.vds -m64 -product Vivado -mode batch -messageDb vivado.pb -notrace -source blk_mem_weight_glomeruli_2.tcl


****** Vivado v2016.4 (64-bit)
  **** SW Build 1756540 on Mon Jan 23 19:11:23 MST 2017
  **** IP Build 1755317 on Mon Jan 23 20:30:07 MST 2017
    ** Copyright 1986-2016 Xilinx, Inc. All Rights Reserved.

source blk_mem_weight_glomeruli_2.tcl -notrace
Starting RTL Elaboration : Time (s): cpu = 00:00:12 ; elapsed = 00:00:18 . Memory (MB): peak = 365.137 ; gain = 154.809
INFO: [Synth 8-638] synthesizing module 'blk_mem_weight_glomeruli_2' [d:/research/Jupyter/github/fly-olfactory-network-fpga-main/vivado_projects/FlyOlfactoryNetwork/FlyOlfactoryNetwork.srcs/sources_1/ip/blk_mem_weight_glomeruli_2/synth/blk_mem_weight_glomeruli_2.vhd:67]
INFO: [Synth 8-256] done synthesizing module 'blk_mem_weight_glomeruli_2' (11#1) [d:/research/Jupyter/github/fly-olfactory-network-fpga-main/vivado_projects/FlyOlfactoryNetwork/FlyOlfactoryNetwork.srcs/sources_1/ip/blk_mem_weight_glomeruli_2/synth/blk_mem_weight_glomeruli_2.vhd:67]
Finished RTL Elaboration : Time (s): cpu = 00:01:11 ; elapsed = 00:01:21 . Memory (MB): peak = 563.043 ; gain = 352.715
Finished RTL Optimization Phase 1 : Time (s): cpu = 00:01:12 ; elapsed = 00:01:22 . Memory (MB): peak = 563.043 ; gain = 352.715
INFO: [Device 21-403] Loading part xc7a35tcpg236-1
Constraint Validation Runtime : Time (s): cpu = 00:00:00 ; elapsed = 00:00:00.034 . Memory (MB): peak = 633.031 ; gain = 0.000
Finished Constraint Validation : Time (s): cpu = 00:01:22 ; elapsed = 00:01:33 . Memory (MB): peak = 633.031 ; gain = 422.703
Finished Loading Part and Timing Information : Time (s): cpu = 00:01:22 ; elapsed = 00:01:33 . Memory (MB): peak = 633.031 ; gain = 422.703
Finished applying 'set_property' XDC Constraints : Time (s): cpu = 00:01:22 ; elapsed = 00:01:33 . Memory (MB): peak = 633.031 ; gain = 422.703
Finished RTL Optimization Phase 2 : Time (s): cpu = 00:01:22 ; elapsed = 00:01:34 . Memory (MB): peak = 633.031 ; gain = 422.703
Finished Cross Boundary and Area Optimization : Time (s): cpu = 00:01:23 ; elapsed = 00:01:34 . Memory (MB): peak = 633.031 ; gain = 422.703
Finished Applying XDC Timing Constraints : Time (s): cpu = 00:01:35 ; elapsed = 00:01:47 . Memory (MB): peak = 657.016 ; gain = 446.688
Finished Timing Optimization : Time (s): cpu = 00:01:35 ; elapsed = 00:01:47 . Memory (MB): peak = 657.027 ; gain = 446.699
Finished Technology Mapping : Time (s): cpu = 00:01:35 ; elapsed = 00:01:47 . Memory (MB): peak = 677.449 ; gain = 467.121
Finished IO Insertion : Time (s): cpu = 00:01:36 ; elapsed = 00:01:47 . Memory (MB): peak = 677.449 ; gain = 467.121
Finished Renaming Generated Instances : Time (s): cpu = 00:01:36 ; elapsed = 00:01:47 . Memory (MB): peak = 677.449 ; gain = 467.121
Finished Rebuilding User Hierarchy : Time (s): cpu = 00:01:36 ; elapsed = 00:01:47 . Memory (MB): peak = 677.449 ; gain = 467.121
Finished Renaming Generated Ports : Time (s): cpu = 00:01:36 ; elapsed = 00:01:47 . Memory (MB): peak = 677.449 ; gain = 467.121
Finished Handling Custom Attributes : Time (s): cpu = 00:01:36 ; elapsed = 00:01:47 . Memory (MB): peak = 677.449 ; gain = 467.121
Finished Renaming Generated Nets : Time (s): cpu = 00:01:36 ; elapsed = 00:01:47 . Memory (MB): peak = 677.449 ; gain = 467.121

Report Cell Usage: 
+------+-----------+------+
|      |Cell       |Count |
+------+-----------+------+
|1     |LUT1       |     1|
|2     |LUT2       |     1|
|3     |LUT4       |     1|
|4     |RAMB36E1   |     1|
|5     |RAMB36E1_1 |     1|
|6     |RAMB36E1_2 |     1|
|7     |FDRE       |     4|
+------+-----------+------+
Finished Writing Synthesis Report : Time (s): cpu = 00:01:36 ; elapsed = 00:01:47 . Memory (MB): peak = 677.449 ; gain = 467.121
synth_design: Time (s): cpu = 00:01:31 ; elapsed = 00:01:38 . Memory (MB): peak = 695.160 ; gain = 409.066
