
*** Running vivado
    with args -log blk_mem_weight_KC_MBONa1.vds -m64 -product Vivado -mode batch -messageDb vivado.pb -notrace -source blk_mem_weight_KC_MBONa1.tcl


****** Vivado v2016.4 (64-bit)
  **** SW Build 1756540 on Mon Jan 23 19:11:23 MST 2017
  **** IP Build 1755317 on Mon Jan 23 20:30:07 MST 2017
    ** Copyright 1986-2016 Xilinx, Inc. All Rights Reserved.

source blk_mem_weight_KC_MBONa1.tcl -notrace
Starting RTL Elaboration : Time (s): cpu = 00:00:12 ; elapsed = 00:00:16 . Memory (MB): peak = 363.813 ; gain = 153.512
INFO: [Synth 8-638] synthesizing module 'blk_mem_weight_KC_MBONa1' [d:/research/Jupyter/github/fly-olfactory-network-fpga-main/vivado_projects/FlyOlfactoryNetwork/FlyOlfactoryNetwork.srcs/sources_1/ip/blk_mem_weight_KC_MBONa1/synth/blk_mem_weight_KC_MBONa1.vhd:74]
INFO: [Synth 8-256] done synthesizing module 'blk_mem_weight_KC_MBONa1' (9#1) [d:/research/Jupyter/github/fly-olfactory-network-fpga-main/vivado_projects/FlyOlfactoryNetwork/FlyOlfactoryNetwork.srcs/sources_1/ip/blk_mem_weight_KC_MBONa1/synth/blk_mem_weight_KC_MBONa1.vhd:74]
Finished RTL Elaboration : Time (s): cpu = 00:01:09 ; elapsed = 00:01:17 . Memory (MB): peak = 562.738 ; gain = 352.438
Finished RTL Optimization Phase 1 : Time (s): cpu = 00:01:09 ; elapsed = 00:01:18 . Memory (MB): peak = 562.738 ; gain = 352.438
INFO: [Device 21-403] Loading part xc7a35tcpg236-1
Constraint Validation Runtime : Time (s): cpu = 00:00:00 ; elapsed = 00:00:00.016 . Memory (MB): peak = 617.168 ; gain = 0.000
Finished Constraint Validation : Time (s): cpu = 00:01:20 ; elapsed = 00:01:29 . Memory (MB): peak = 617.168 ; gain = 406.867
Finished Loading Part and Timing Information : Time (s): cpu = 00:01:20 ; elapsed = 00:01:29 . Memory (MB): peak = 617.168 ; gain = 406.867
Finished applying 'set_property' XDC Constraints : Time (s): cpu = 00:01:20 ; elapsed = 00:01:29 . Memory (MB): peak = 617.168 ; gain = 406.867
Finished RTL Optimization Phase 2 : Time (s): cpu = 00:01:20 ; elapsed = 00:01:29 . Memory (MB): peak = 617.168 ; gain = 406.867
Finished Cross Boundary and Area Optimization : Time (s): cpu = 00:01:21 ; elapsed = 00:01:30 . Memory (MB): peak = 617.168 ; gain = 406.867
Finished Applying XDC Timing Constraints : Time (s): cpu = 00:01:32 ; elapsed = 00:01:42 . Memory (MB): peak = 640.379 ; gain = 430.078
Finished Timing Optimization : Time (s): cpu = 00:01:32 ; elapsed = 00:01:42 . Memory (MB): peak = 640.379 ; gain = 430.078
Finished Technology Mapping : Time (s): cpu = 00:01:32 ; elapsed = 00:01:42 . Memory (MB): peak = 650.070 ; gain = 439.770
Finished IO Insertion : Time (s): cpu = 00:01:33 ; elapsed = 00:01:42 . Memory (MB): peak = 650.070 ; gain = 439.770
Finished Renaming Generated Instances : Time (s): cpu = 00:01:33 ; elapsed = 00:01:42 . Memory (MB): peak = 650.070 ; gain = 439.770
Finished Rebuilding User Hierarchy : Time (s): cpu = 00:01:33 ; elapsed = 00:01:42 . Memory (MB): peak = 650.070 ; gain = 439.770
Finished Renaming Generated Ports : Time (s): cpu = 00:01:33 ; elapsed = 00:01:42 . Memory (MB): peak = 650.070 ; gain = 439.770
Finished Handling Custom Attributes : Time (s): cpu = 00:01:33 ; elapsed = 00:01:42 . Memory (MB): peak = 650.070 ; gain = 439.770
Finished Renaming Generated Nets : Time (s): cpu = 00:01:33 ; elapsed = 00:01:42 . Memory (MB): peak = 650.070 ; gain = 439.770

Report Cell Usage: 
+------+---------+------+
|      |Cell     |Count |
+------+---------+------+
|1     |RAMB18E1 |     1|
+------+---------+------+
Finished Writing Synthesis Report : Time (s): cpu = 00:01:33 ; elapsed = 00:01:42 . Memory (MB): peak = 650.070 ; gain = 439.770
synth_design: Time (s): cpu = 00:01:29 ; elapsed = 00:01:35 . Memory (MB): peak = 679.598 ; gain = 394.605
