
*** Running vivado
    with args -log blk_mem_u.vds -m64 -product Vivado -mode batch -messageDb vivado.pb -notrace -source blk_mem_u.tcl


****** Vivado v2016.4 (64-bit)
  **** SW Build 1756540 on Mon Jan 23 19:11:23 MST 2017
  **** IP Build 1755317 on Mon Jan 23 20:30:07 MST 2017
    ** Copyright 1986-2016 Xilinx, Inc. All Rights Reserved.

source blk_mem_u.tcl -notrace
Starting RTL Elaboration : Time (s): cpu = 00:00:11 ; elapsed = 00:00:15 . Memory (MB): peak = 365.383 ; gain = 155.199
INFO: [Synth 8-638] synthesizing module 'blk_mem_u' [d:/research/Xilinx/DrosophilaOlfactorySystem/release/DrosophilaOlfactorySystem20230324/DrosophilaOlfactorySystem20230324.srcs/sources_1/ip/blk_mem_u/synth/blk_mem_u.vhd:69]
INFO: [Synth 8-256] done synthesizing module 'blk_mem_u' (9#1) [d:/research/Xilinx/DrosophilaOlfactorySystem/release/DrosophilaOlfactorySystem20230324/DrosophilaOlfactorySystem20230324.srcs/sources_1/ip/blk_mem_u/synth/blk_mem_u.vhd:69]
Finished RTL Elaboration : Time (s): cpu = 00:01:04 ; elapsed = 00:01:12 . Memory (MB): peak = 564.426 ; gain = 354.242
Finished RTL Optimization Phase 1 : Time (s): cpu = 00:01:05 ; elapsed = 00:01:13 . Memory (MB): peak = 564.426 ; gain = 354.242
INFO: [Device 21-403] Loading part xc7a35tcpg236-1
Constraint Validation Runtime : Time (s): cpu = 00:00:00 ; elapsed = 00:00:00.040 . Memory (MB): peak = 619.043 ; gain = 0.000
Finished Constraint Validation : Time (s): cpu = 00:01:14 ; elapsed = 00:01:23 . Memory (MB): peak = 619.043 ; gain = 408.859
Finished Loading Part and Timing Information : Time (s): cpu = 00:01:14 ; elapsed = 00:01:23 . Memory (MB): peak = 619.043 ; gain = 408.859
Finished applying 'set_property' XDC Constraints : Time (s): cpu = 00:01:14 ; elapsed = 00:01:23 . Memory (MB): peak = 619.043 ; gain = 408.859
Finished RTL Optimization Phase 2 : Time (s): cpu = 00:01:15 ; elapsed = 00:01:23 . Memory (MB): peak = 619.043 ; gain = 408.859
Finished Cross Boundary and Area Optimization : Time (s): cpu = 00:01:15 ; elapsed = 00:01:24 . Memory (MB): peak = 619.043 ; gain = 408.859
Finished Applying XDC Timing Constraints : Time (s): cpu = 00:01:26 ; elapsed = 00:01:35 . Memory (MB): peak = 641.328 ; gain = 431.145
Finished Timing Optimization : Time (s): cpu = 00:01:26 ; elapsed = 00:01:35 . Memory (MB): peak = 641.328 ; gain = 431.145
Finished Technology Mapping : Time (s): cpu = 00:01:26 ; elapsed = 00:01:35 . Memory (MB): peak = 650.992 ; gain = 440.809
Finished IO Insertion : Time (s): cpu = 00:01:27 ; elapsed = 00:01:36 . Memory (MB): peak = 650.992 ; gain = 440.809
Finished Renaming Generated Instances : Time (s): cpu = 00:01:27 ; elapsed = 00:01:36 . Memory (MB): peak = 650.992 ; gain = 440.809
Finished Rebuilding User Hierarchy : Time (s): cpu = 00:01:27 ; elapsed = 00:01:36 . Memory (MB): peak = 650.992 ; gain = 440.809
Finished Renaming Generated Ports : Time (s): cpu = 00:01:27 ; elapsed = 00:01:36 . Memory (MB): peak = 650.992 ; gain = 440.809
Finished Handling Custom Attributes : Time (s): cpu = 00:01:27 ; elapsed = 00:01:36 . Memory (MB): peak = 650.992 ; gain = 440.809
Finished Renaming Generated Nets : Time (s): cpu = 00:01:27 ; elapsed = 00:01:36 . Memory (MB): peak = 650.992 ; gain = 440.809

Report Cell Usage: 
+------+---------+------+
|      |Cell     |Count |
+------+---------+------+
|1     |RAMB18E1 |     1|
+------+---------+------+
Finished Writing Synthesis Report : Time (s): cpu = 00:01:27 ; elapsed = 00:01:36 . Memory (MB): peak = 650.992 ; gain = 440.809
synth_design: Time (s): cpu = 00:01:24 ; elapsed = 00:01:29 . Memory (MB): peak = 681.289 ; gain = 394.223
