
*** Running vivado
    with args -log blk_mem_weight_glomeruli_0.vds -m64 -product Vivado -mode batch -messageDb vivado.pb -notrace -source blk_mem_weight_glomeruli_0.tcl


****** Vivado v2016.4 (64-bit)
  **** SW Build 1756540 on Mon Jan 23 19:11:23 MST 2017
  **** IP Build 1755317 on Mon Jan 23 20:30:07 MST 2017
    ** Copyright 1986-2016 Xilinx, Inc. All Rights Reserved.

source blk_mem_weight_glomeruli_0.tcl -notrace
Starting RTL Elaboration : Time (s): cpu = 00:00:12 ; elapsed = 00:00:17 . Memory (MB): peak = 365.004 ; gain = 154.695
INFO: [Synth 8-638] synthesizing module 'blk_mem_weight_glomeruli_0' [d:/research/Jupyter/github/fly-olfactory-network-fpga-main/vivado_projects/FlyOlfactoryNetwork/FlyOlfactoryNetwork.srcs/sources_1/ip/blk_mem_weight_glomeruli_0/synth/blk_mem_weight_glomeruli_0.vhd:67]
INFO: [Synth 8-256] done synthesizing module 'blk_mem_weight_glomeruli_0' (11#1) [d:/research/Jupyter/github/fly-olfactory-network-fpga-main/vivado_projects/FlyOlfactoryNetwork/FlyOlfactoryNetwork.srcs/sources_1/ip/blk_mem_weight_glomeruli_0/synth/blk_mem_weight_glomeruli_0.vhd:67]
Finished RTL Elaboration : Time (s): cpu = 00:01:06 ; elapsed = 00:01:15 . Memory (MB): peak = 562.977 ; gain = 352.668
Finished RTL Optimization Phase 1 : Time (s): cpu = 00:01:07 ; elapsed = 00:01:15 . Memory (MB): peak = 562.977 ; gain = 352.668
INFO: [Device 21-403] Loading part xc7a35tcpg236-1
Constraint Validation Runtime : Time (s): cpu = 00:00:01 ; elapsed = 00:00:00.020 . Memory (MB): peak = 633.012 ; gain = 0.000
Finished Constraint Validation : Time (s): cpu = 00:01:16 ; elapsed = 00:01:26 . Memory (MB): peak = 633.012 ; gain = 422.703
Finished Loading Part and Timing Information : Time (s): cpu = 00:01:16 ; elapsed = 00:01:26 . Memory (MB): peak = 633.012 ; gain = 422.703
Finished applying 'set_property' XDC Constraints : Time (s): cpu = 00:01:16 ; elapsed = 00:01:26 . Memory (MB): peak = 633.012 ; gain = 422.703
Finished RTL Optimization Phase 2 : Time (s): cpu = 00:01:16 ; elapsed = 00:01:26 . Memory (MB): peak = 633.012 ; gain = 422.703
Finished Cross Boundary and Area Optimization : Time (s): cpu = 00:01:17 ; elapsed = 00:01:27 . Memory (MB): peak = 633.012 ; gain = 422.703
Finished Applying XDC Timing Constraints : Time (s): cpu = 00:01:28 ; elapsed = 00:01:38 . Memory (MB): peak = 656.941 ; gain = 446.633
Finished Timing Optimization : Time (s): cpu = 00:01:28 ; elapsed = 00:01:38 . Memory (MB): peak = 656.945 ; gain = 446.637
Finished Technology Mapping : Time (s): cpu = 00:01:28 ; elapsed = 00:01:38 . Memory (MB): peak = 677.363 ; gain = 467.055
Finished IO Insertion : Time (s): cpu = 00:01:28 ; elapsed = 00:01:38 . Memory (MB): peak = 677.363 ; gain = 467.055
Finished Renaming Generated Instances : Time (s): cpu = 00:01:28 ; elapsed = 00:01:38 . Memory (MB): peak = 677.363 ; gain = 467.055
Finished Rebuilding User Hierarchy : Time (s): cpu = 00:01:28 ; elapsed = 00:01:38 . Memory (MB): peak = 677.363 ; gain = 467.055
Finished Renaming Generated Ports : Time (s): cpu = 00:01:28 ; elapsed = 00:01:38 . Memory (MB): peak = 677.363 ; gain = 467.055
Finished Handling Custom Attributes : Time (s): cpu = 00:01:28 ; elapsed = 00:01:38 . Memory (MB): peak = 677.363 ; gain = 467.055
Finished Renaming Generated Nets : Time (s): cpu = 00:01:28 ; elapsed = 00:01:38 . Memory (MB): peak = 677.363 ; gain = 467.055

Report Cell Usage: 
+------+-----------+------+
|      |Cell       |Count |
+------+-----------+------+
|1     |LUT1       |     1|
|2     |LUT2       |     1|
|3     |LUT4       |     1|
|4     |RAMB36E1   |     1|
|5     |RAMB36E1_1 |     1|
|6     |RAMB36E1_2 |     1|
|7     |FDRE       |     4|
+------+-----------+------+
Finished Writing Synthesis Report : Time (s): cpu = 00:01:28 ; elapsed = 00:01:38 . Memory (MB): peak = 677.363 ; gain = 467.055
synth_design: Time (s): cpu = 00:01:24 ; elapsed = 00:01:30 . Memory (MB): peak = 695.047 ; gain = 409.090
